Content-Type: multipart/alternative;
 boundary="===============1254654031732013279=="
MIME-Version: 1.0
Subject: Hola @hebert!
From: noreply@email.com
To: hebert@gmail.com
Date: Wed, 08 May 2019 02:15:07 -0000
Message-ID: <155728170703.448.17744493698520002428@Teseo-E560>

--===============1254654031732013279==
Content-Type: text/plain; charset="utf-8"
MIME-Version: 1.0
Content-Transfer-Encoding: 7bit

<html>
<body>

    <h1>Hola Hebert Ferrer</h1>
    <p>Para verficar tu cuenta haz <a href="localhost:8000/users/verify/f080117528bb24cb6fd96b498bed330354ad90b1/">click aqui.</a>
    </p>

</body>
</html>
--===============1254654031732013279==
Content-Type: text/html; charset="utf-8"
MIME-Version: 1.0
Content-Transfer-Encoding: 7bit

<html>
<body>

    <h1>Hola Hebert Ferrer</h1>
    <p>Para verficar tu cuenta haz <a href="localhost:8000/users/verify/f080117528bb24cb6fd96b498bed330354ad90b1/">click aqui.</a>
    </p>

</body>
</html>
--===============1254654031732013279==--

-------------------------------------------------------------------------------
