Content-Type: multipart/alternative;
 boundary="===============4744619510832239969=="
MIME-Version: 1.0
Subject: Hola @hebert!
From: noreply@email.com
To: hebert@gmail.com
Date: Mon, 06 May 2019 15:16:52 -0000
Message-ID: <155715581219.22632.14511064994862492811@Teseo-E560>

--===============4744619510832239969==
Content-Type: text/plain; charset="utf-8"
MIME-Version: 1.0
Content-Transfer-Encoding: 7bit

<html>
<body>

    <h1>Hola Hebert Ferrer</h1>
    <p>Para verficar tu cuenta haz <a href="localhost:8000/users/verify/02f68602aeee319cda7f089fed6bd2e19ed45da9/">click aqui.</a>
    </p>

</body>
</html>
--===============4744619510832239969==
Content-Type: text/html; charset="utf-8"
MIME-Version: 1.0
Content-Transfer-Encoding: 7bit

<html>
<body>

    <h1>Hola Hebert Ferrer</h1>
    <p>Para verficar tu cuenta haz <a href="localhost:8000/users/verify/02f68602aeee319cda7f089fed6bd2e19ed45da9/">click aqui.</a>
    </p>

</body>
</html>
--===============4744619510832239969==--

-------------------------------------------------------------------------------
