Content-Type: multipart/alternative;
 boundary="===============9102620314125886317=="
MIME-Version: 1.0
Subject: Hola @hebert!
From: noreply@email.com
To: hebert@gmail.com
Date: Sat, 04 May 2019 18:19:02 -0000
Message-ID: <155699394272.28709.273721264612105965@Teseo-E560>

--===============9102620314125886317==
Content-Type: text/plain; charset="utf-8"
MIME-Version: 1.0
Content-Transfer-Encoding: 7bit

<html>
<body>

    <h1>Hola Hebert Ferrer</h1>
    <p>Para verficar tu cuenta haz <a href="localhost:8000/users/verify/cab73d4c13230abfa45252b9b7c389e6c6e7b2cd/">click aqui.</a>
    </p>

</body>
</html>
--===============9102620314125886317==
Content-Type: text/html; charset="utf-8"
MIME-Version: 1.0
Content-Transfer-Encoding: 7bit

<html>
<body>

    <h1>Hola Hebert Ferrer</h1>
    <p>Para verficar tu cuenta haz <a href="localhost:8000/users/verify/cab73d4c13230abfa45252b9b7c389e6c6e7b2cd/">click aqui.</a>
    </p>

</body>
</html>
--===============9102620314125886317==--

-------------------------------------------------------------------------------
