Content-Type: multipart/alternative;
 boundary="===============4412670095560886094=="
MIME-Version: 1.0
Subject: Hola @hebert!
From: noreply@email.com
To: hebert@gmail.com
Date: Sat, 04 May 2019 14:40:17 -0000
Message-ID: <155698081749.10633.4086635521624495637@Teseo-E560>

--===============4412670095560886094==
Content-Type: text/plain; charset="utf-8"
MIME-Version: 1.0
Content-Transfer-Encoding: 7bit

<html>
<body>

    <h1>Hola Hebert Ferrer</h1>
    <p>Para verficar tu cuenta haz <a href="localhost:8000/users/verify/7bedd2d48ac041be67dda4b2bd7aea3d54d1200c/">click aqui.</a>
    </p>

</body>
</html>
--===============4412670095560886094==
Content-Type: text/html; charset="utf-8"
MIME-Version: 1.0
Content-Transfer-Encoding: 7bit

<html>
<body>

    <h1>Hola Hebert Ferrer</h1>
    <p>Para verficar tu cuenta haz <a href="localhost:8000/users/verify/7bedd2d48ac041be67dda4b2bd7aea3d54d1200c/">click aqui.</a>
    </p>

</body>
</html>
--===============4412670095560886094==--

-------------------------------------------------------------------------------
