Content-Type: multipart/alternative;
 boundary="===============5564593388238764913=="
MIME-Version: 1.0
Subject: Hola @hebert!
From: noreply@email.com
To: hebert@gmail.com
Date: Mon, 06 May 2019 13:17:09 -0000
Message-ID: <155714862901.8627.8875650132139525081@Teseo-E560>

--===============5564593388238764913==
Content-Type: text/plain; charset="utf-8"
MIME-Version: 1.0
Content-Transfer-Encoding: 7bit

<html>
<body>

    <h1>Hola Hebert Ferrer</h1>
    <p>Para verficar tu cuenta haz <a href="localhost:8000/users/verify/3b051fcefb955447fae0f3f7bad03c06e1333b7c/">click aqui.</a>
    </p>

</body>
</html>
--===============5564593388238764913==
Content-Type: text/html; charset="utf-8"
MIME-Version: 1.0
Content-Transfer-Encoding: 7bit

<html>
<body>

    <h1>Hola Hebert Ferrer</h1>
    <p>Para verficar tu cuenta haz <a href="localhost:8000/users/verify/3b051fcefb955447fae0f3f7bad03c06e1333b7c/">click aqui.</a>
    </p>

</body>
</html>
--===============5564593388238764913==--

-------------------------------------------------------------------------------
