Content-Type: multipart/alternative;
 boundary="===============5991982763558260695=="
MIME-Version: 1.0
Subject: Hola @hebert!
From: noreply@email.com
To: hebert@gmail.com
Date: Sat, 04 May 2019 13:47:15 -0000
Message-ID: <155697763589.3941.6337253380938959854@Teseo-E560>

--===============5991982763558260695==
Content-Type: text/plain; charset="utf-8"
MIME-Version: 1.0
Content-Transfer-Encoding: 7bit

<html>
<body>

    <h1>Hola Hebert Ferrer</h1>
    <p>Para verficar tu cuenta haz <a href="localhost:8000/users/verify/e6245083fe8110145a5d2ac4fe59c7606bc31ba0/">click aqui.</a>
    </p>

</body>
</html>
--===============5991982763558260695==
Content-Type: text/html; charset="utf-8"
MIME-Version: 1.0
Content-Transfer-Encoding: 7bit

<html>
<body>

    <h1>Hola Hebert Ferrer</h1>
    <p>Para verficar tu cuenta haz <a href="localhost:8000/users/verify/e6245083fe8110145a5d2ac4fe59c7606bc31ba0/">click aqui.</a>
    </p>

</body>
</html>
--===============5991982763558260695==--

-------------------------------------------------------------------------------
